<?xml version="1.0" encoding="UTF-8"?>
<!-- Generated by org.testng.reporters.JUnitReportReporter -->
<testsuite hostname="NITHEESHs-MacBook-Air.local" failures="0" tests="1" name="demo.githubpractise" time="0.006" errors="0" timestamp="2025-02-04T12:34:16 IST" skipped="0">
  <testcase classname="demo.githubpractise" name="sample" time="0.006"/>
</testsuite> <!-- demo.githubpractise -->
